<?xml version="1.0" encoding="UTF-8" ?>
<testsuite tests="9" failures="0" name="com.tsi.test.aziz.mohammed.mindsweeper.BoardTest" time="0.032" errors="0" skipped="0">
  <properties>
    <property name="java.runtime.name" value="Java(TM) SE Runtime Environment"/>
    <property name="java.vm.version" value="17.0.1+12-LTS-39"/>
    <property name="sun.boot.library.path" value="/Library/Java/JavaVirtualMachines/jdk-17.0.1.jdk/Contents/Home/lib"/>
    <property name="maven.multiModuleProjectDirectory" value="/Users/naim/MinesweeperGame"/>
    <property name="java.vm.vendor" value="Oracle Corporation"/>
    <property name="java.vendor.url" value="https://java.oracle.com/"/>
    <property name="guice.disable.misplaced.annotation.check" value="true"/>
    <property name="path.separator" value=":"/>
    <property name="java.vm.name" value="Java HotSpot(TM) 64-Bit Server VM"/>
    <property name="user.country" value="GB"/>
    <property name="sun.java.launcher" value="SUN_STANDARD"/>
    <property name="java.vm.specification.name" value="Java Virtual Machine Specification"/>
    <property name="user.dir" value="/Users/naim/MinesweeperGame"/>
    <property name="java.vm.compressedOopsMode" value="Zero based"/>
    <property name="java.runtime.version" value="17.0.1+12-LTS-39"/>
    <property name="os.arch" value="x86_64"/>
    <property name="java.io.tmpdir" value="/var/folders/82/rp5msd_171ggr34_4tbhc9_w0000gn/T/"/>
    <property name="line.separator" value="
"/>
    <property name="java.vm.specification.vendor" value="Oracle Corporation"/>
    <property name="os.name" value="Mac OS X"/>
    <property name="classworlds.conf" value="/Users/naim/apache-maven-3.8.4/bin/m2.conf"/>
    <property name="sun.jnu.encoding" value="UTF-8"/>
    <property name="java.library.path" value="/Users/naim/Library/Java/Extensions:/Library/Java/Extensions:/Network/Library/Java/Extensions:/System/Library/Java/Extensions:/usr/lib/java:."/>
    <property name="maven.conf" value="/Users/naim/apache-maven-3.8.4/conf"/>
    <property name="jdk.debug" value="release"/>
    <property name="java.class.version" value="61.0"/>
    <property name="java.specification.name" value="Java Platform API Specification"/>
    <property name="sun.management.compiler" value="HotSpot 64-Bit Tiered Compilers"/>
    <property name="os.version" value="11.6"/>
    <property name="library.jansi.path" value="/Users/naim/apache-maven-3.8.4/lib/jansi-native"/>
    <property name="http.nonProxyHosts" value="local|*.local|169.254/16|*.169.254/16"/>
    <property name="user.home" value="/Users/naim"/>
    <property name="user.timezone" value="Europe/London"/>
    <property name="file.encoding" value="UTF-8"/>
    <property name="java.specification.version" value="17"/>
    <property name="user.name" value="naim"/>
    <property name="java.class.path" value="/Users/naim/apache-maven-3.8.4/boot/plexus-classworlds-2.6.0.jar"/>
    <property name="java.vm.specification.version" value="17"/>
    <property name="sun.arch.data.model" value="64"/>
    <property name="sun.java.command" value="org.codehaus.plexus.classworlds.launcher.Launcher clean test"/>
    <property name="java.home" value="/Library/Java/JavaVirtualMachines/jdk-17.0.1.jdk/Contents/Home"/>
    <property name="user.language" value="en"/>
    <property name="java.specification.vendor" value="Oracle Corporation"/>
    <property name="java.vm.info" value="mixed mode, sharing"/>
    <property name="java.version" value="17.0.1"/>
    <property name="native.encoding" value="UTF-8"/>
    <property name="java.vendor" value="Oracle Corporation"/>
    <property name="sun.stderr.encoding" value="UTF-8"/>
    <property name="maven.home" value="/Users/naim/apache-maven-3.8.4"/>
    <property name="file.separator" value="/"/>
    <property name="java.version.date" value="2021-10-19"/>
    <property name="java.vendor.url.bug" value="https://bugreport.java.com/bugreport/"/>
    <property name="sun.io.unicode.encoding" value="UnicodeBig"/>
    <property name="sun.cpu.endian" value="little"/>
    <property name="sun.stdout.encoding" value="UTF-8"/>
    <property name="socksNonProxyHosts" value="local|*.local|169.254/16|*.169.254/16"/>
    <property name="ftp.nonProxyHosts" value="local|*.local|169.254/16|*.169.254/16"/>
  </properties>
  <testcase classname="com.tsi.test.aziz.mohammed.mindsweeper.BoardTest" name="com.tsi.test.aziz.mohammed.mindsweeper.BoardTest.testValidPosition" time="0.031"/>
  <testcase classname="com.tsi.test.aziz.mohammed.mindsweeper.BoardTest" name="com.tsi.test.aziz.mohammed.mindsweeper.BoardTest.testRevealCell" time="0"/>
  <testcase classname="com.tsi.test.aziz.mohammed.mindsweeper.BoardTest" name="com.tsi.test.aziz.mohammed.mindsweeper.BoardTest.testIsCellRevealed" time="0"/>
  <testcase classname="com.tsi.test.aziz.mohammed.mindsweeper.BoardTest" name="com.tsi.test.aziz.mohammed.mindsweeper.BoardTest.testRevealAll" time="0.001"/>
  <testcase classname="com.tsi.test.aziz.mohammed.mindsweeper.BoardTest" name="com.tsi.test.aziz.mohammed.mindsweeper.BoardTest.testIsCellBomb" time="0"/>
  <testcase classname="com.tsi.test.aziz.mohammed.mindsweeper.BoardTest" name="com.tsi.test.aziz.mohammed.mindsweeper.BoardTest.testIsCellFlagged" time="0"/>
  <testcase classname="com.tsi.test.aziz.mohammed.mindsweeper.BoardTest" name="com.tsi.test.aziz.mohammed.mindsweeper.BoardTest.testFlagCell" time="0"/>
  <testcase classname="com.tsi.test.aziz.mohammed.mindsweeper.BoardTest" name="com.tsi.test.aziz.mohammed.mindsweeper.BoardTest.testAddBomb" time="0"/>
  <testcase classname="com.tsi.test.aziz.mohammed.mindsweeper.BoardTest" name="com.tsi.test.aziz.mohammed.mindsweeper.BoardTest.testIsWon" time="0"/>
</testsuite>